2023/05/19 22:58:53 error: open /path/to/config.toml: The system cannot find the path specified.
can't open configuration file
main.readConfig
	c:/Users/angel/VSCode/LinkedIn/go-essential-training-2446262/Ch05/05_01/errors.go:20
main.main
	c:/Users/angel/VSCode/LinkedIn/go-essential-training-2446262/Ch05/05_01/errors.go:40
runtime.main
	C:/Program Files/Go/src/runtime/proc.go:250
runtime.goexit
	C:/Program Files/Go/src/runtime/asm_amd64.s:1598
2023/05/19 23:27:58 error: open /path/to/config.toml: The system cannot find the path specified.
can't open configuration file
main.readConfig
	c:/Users/angel/VSCode/LinkedIn/go-essential-training-2446262/Ch05/05_01/errors.go:20
main.main
	c:/Users/angel/VSCode/LinkedIn/go-essential-training-2446262/Ch05/05_01/errors.go:40
runtime.main
	C:/Program Files/Go/src/runtime/proc.go:250
runtime.goexit
	C:/Program Files/Go/src/runtime/asm_amd64.s:1598
